[debug] [2023-08-08T16:54:07.883Z] ----------------------------------------------------------------------
[debug] [2023-08-08T16:54:07.885Z] Command:       C:\Program Files\nodejs\node.exe C:\Users\Habib\AppData\Roaming\npm\node_modules\firebase-tools\lib\bin\firebase.js init
[debug] [2023-08-08T16:54:07.886Z] CLI Version:   12.4.4
[debug] [2023-08-08T16:54:07.886Z] Platform:      win32
[debug] [2023-08-08T16:54:07.886Z] Node Version:  v18.12.1
[debug] [2023-08-08T16:54:07.887Z] Time:          Tue Aug 08 2023 18:54:07 GMT+0200 (heure d’été d’Europe centrale)
[debug] [2023-08-08T16:54:07.888Z] ----------------------------------------------------------------------
[debug] 
[debug] [2023-08-08T16:54:07.967Z] > command requires scopes: ["email","openid","https://www.googleapis.com/auth/cloudplatformprojects.readonly","https://www.googleapis.com/auth/firebase","https://www.googleapis.com/auth/cloud-platform"]
[debug] [2023-08-08T16:54:07.967Z] > authorizing via signed-in user (habib.hadjadj89@gmail.com)
[info] 
     ######## #### ########  ######## ########     ###     ######  ########
     ##        ##  ##     ## ##       ##     ##  ##   ##  ##       ##
     ######    ##  ########  ######   ########  #########  ######  ######
     ##        ##  ##    ##  ##       ##     ## ##     ##       ## ##
     ##       #### ##     ## ######## ########  ##     ##  ######  ########

You're about to initialize a Firebase project in this directory:

  C:\Users\Habib\Desktop\Projects\projet_aime\app-web

Before we get started, keep in mind:

  * You are initializing within an existing Firebase project directory

